cl : командная строка  warning D9025: переопределение "/sdl" на "/GS-"
  dz2.1.cpp
C:\Users\jjjjj\source\repos\dz2.1\dz2.1\dz2.1.cpp(28,5): warning C4996: 'scanf': This function or variable may be unsafe. Consider using scanf_s instead. To disable deprecation, use _CRT_SECURE_NO_WARNINGS. See online help for details.
C:\Users\jjjjj\source\repos\dz2.1\dz2.1\dz2.1.cpp(34,5): warning C4996: 'scanf': This function or variable may be unsafe. Consider using scanf_s instead. To disable deprecation, use _CRT_SECURE_NO_WARNINGS. See online help for details.
C:\Users\jjjjj\source\repos\dz2.1\dz2.1\dz2.1.cpp(36,5): warning C4996: 'scanf': This function or variable may be unsafe. Consider using scanf_s instead. To disable deprecation, use _CRT_SECURE_NO_WARNINGS. See online help for details.
C:\Users\jjjjj\source\repos\dz2.1\dz2.1\dz2.1.cpp(38,5): warning C4996: 'scanf': This function or variable may be unsafe. Consider using scanf_s instead. To disable deprecation, use _CRT_SECURE_NO_WARNINGS. See online help for details.
C:\Users\jjjjj\source\repos\dz2.1\dz2.1\dz2.1.cpp(273,37): warning C4244: +=: преобразование "float" в "int", возможна потеря данных
C:\Users\jjjjj\source\repos\dz2.1\dz2.1\dz2.1.cpp(61,9): warning C4996: 'scanf': This function or variable may be unsafe. Consider using scanf_s instead. To disable deprecation, use _CRT_SECURE_NO_WARNINGS. See online help for details.
C:\Users\jjjjj\source\repos\dz2.1\dz2.1\dz2.1.cpp(63,13): warning C4996: 'fopen': This function or variable may be unsafe. Consider using fopen_s instead. To disable deprecation, use _CRT_SECURE_NO_WARNINGS. See online help for details.
C:\Users\jjjjj\source\repos\dz2.1\dz2.1\dz2.1.cpp(65,16): warning C4996: 'scanf': This function or variable may be unsafe. Consider using scanf_s instead. To disable deprecation, use _CRT_SECURE_NO_WARNINGS. See online help for details.
C:\Users\jjjjj\source\repos\dz2.1\dz2.1\dz2.1.cpp(76,9): warning C4996: 'fopen': This function or variable may be unsafe. Consider using fopen_s instead. To disable deprecation, use _CRT_SECURE_NO_WARNINGS. See online help for details.
C:\Users\jjjjj\source\repos\dz2.1\dz2.1\dz2.1.cpp(87,12): warning C4996: 'scanf': This function or variable may be unsafe. Consider using scanf_s instead. To disable deprecation, use _CRT_SECURE_NO_WARNINGS. See online help for details.
C:\Users\jjjjj\source\repos\dz2.1\dz2.1\dz2.1.cpp(90,17): warning C4996: 'fopen': This function or variable may be unsafe. Consider using fopen_s instead. To disable deprecation, use _CRT_SECURE_NO_WARNINGS. See online help for details.
C:\Users\jjjjj\source\repos\dz2.1\dz2.1\dz2.1.cpp(92,20): warning C4996: 'scanf': This function or variable may be unsafe. Consider using scanf_s instead. To disable deprecation, use _CRT_SECURE_NO_WARNINGS. See online help for details.
C:\Users\jjjjj\source\repos\dz2.1\dz2.1\dz2.1.cpp(102,17): warning C4996: 'fopen': This function or variable may be unsafe. Consider using fopen_s instead. To disable deprecation, use _CRT_SECURE_NO_WARNINGS. See online help for details.
C:\Users\jjjjj\source\repos\dz2.1\dz2.1\dz2.1.cpp(113,13): warning C4996: 'scanf': This function or variable may be unsafe. Consider using scanf_s instead. To disable deprecation, use _CRT_SECURE_NO_WARNINGS. See online help for details.
C:\Users\jjjjj\source\repos\dz2.1\dz2.1\dz2.1.cpp(114,25): warning C4996: 'fopen': This function or variable may be unsafe. Consider using fopen_s instead. To disable deprecation, use _CRT_SECURE_NO_WARNINGS. See online help for details.
C:\Users\jjjjj\source\repos\dz2.1\dz2.1\dz2.1.cpp(115,17): warning C4996: 'fopen': This function or variable may be unsafe. Consider using fopen_s instead. To disable deprecation, use _CRT_SECURE_NO_WARNINGS. See online help for details.
C:\Users\jjjjj\source\repos\dz2.1\dz2.1\dz2.1.cpp(127,17): warning C4996: 'fopen': This function or variable may be unsafe. Consider using fopen_s instead. To disable deprecation, use _CRT_SECURE_NO_WARNINGS. See online help for details.
C:\Users\jjjjj\source\repos\dz2.1\dz2.1\dz2.1.cpp(138,13): warning C4996: 'scanf': This function or variable may be unsafe. Consider using scanf_s instead. To disable deprecation, use _CRT_SECURE_NO_WARNINGS. See online help for details.
C:\Users\jjjjj\source\repos\dz2.1\dz2.1\dz2.1.cpp(139,25): warning C4996: 'fopen': This function or variable may be unsafe. Consider using fopen_s instead. To disable deprecation, use _CRT_SECURE_NO_WARNINGS. See online help for details.
C:\Users\jjjjj\source\repos\dz2.1\dz2.1\dz2.1.cpp(140,17): warning C4996: 'fopen': This function or variable may be unsafe. Consider using fopen_s instead. To disable deprecation, use _CRT_SECURE_NO_WARNINGS. See online help for details.
C:\Users\jjjjj\source\repos\dz2.1\dz2.1\dz2.1.cpp(148,21): warning C4996: 'scanf': This function or variable may be unsafe. Consider using scanf_s instead. To disable deprecation, use _CRT_SECURE_NO_WARNINGS. See online help for details.
C:\Users\jjjjj\source\repos\dz2.1\dz2.1\dz2.1.cpp(159,25): warning C4996: 'scanf': This function or variable may be unsafe. Consider using scanf_s instead. To disable deprecation, use _CRT_SECURE_NO_WARNINGS. See online help for details.
C:\Users\jjjjj\source\repos\dz2.1\dz2.1\dz2.1.cpp(170,25): warning C4996: 'scanf': This function or variable may be unsafe. Consider using scanf_s instead. To disable deprecation, use _CRT_SECURE_NO_WARNINGS. See online help for details.
C:\Users\jjjjj\source\repos\dz2.1\dz2.1\dz2.1.cpp(174,25): warning C4996: 'scanf': This function or variable may be unsafe. Consider using scanf_s instead. To disable deprecation, use _CRT_SECURE_NO_WARNINGS. See online help for details.
C:\Users\jjjjj\source\repos\dz2.1\dz2.1\dz2.1.cpp(178,25): warning C4996: 'scanf': This function or variable may be unsafe. Consider using scanf_s instead. To disable deprecation, use _CRT_SECURE_NO_WARNINGS. See online help for details.
C:\Users\jjjjj\source\repos\dz2.1\dz2.1\dz2.1.cpp(190,17): warning C4996: 'fopen': This function or variable may be unsafe. Consider using fopen_s instead. To disable deprecation, use _CRT_SECURE_NO_WARNINGS. See online help for details.
C:\Users\jjjjj\source\repos\dz2.1\dz2.1\dz2.1.cpp(201,13): warning C4996: 'scanf': This function or variable may be unsafe. Consider using scanf_s instead. To disable deprecation, use _CRT_SECURE_NO_WARNINGS. See online help for details.
C:\Users\jjjjj\source\repos\dz2.1\dz2.1\dz2.1.cpp(202,25): warning C4996: 'fopen': This function or variable may be unsafe. Consider using fopen_s instead. To disable deprecation, use _CRT_SECURE_NO_WARNINGS. See online help for details.
C:\Users\jjjjj\source\repos\dz2.1\dz2.1\dz2.1.cpp(203,17): warning C4996: 'fopen': This function or variable may be unsafe. Consider using fopen_s instead. To disable deprecation, use _CRT_SECURE_NO_WARNINGS. See online help for details.
C:\Users\jjjjj\source\repos\dz2.1\dz2.1\dz2.1.cpp(218,17): warning C4996: 'fopen': This function or variable may be unsafe. Consider using fopen_s instead. To disable deprecation, use _CRT_SECURE_NO_WARNINGS. See online help for details.
C:\Users\jjjjj\source\repos\dz2.1\dz2.1\dz2.1.cpp(228,13): warning C4996: 'scanf': This function or variable may be unsafe. Consider using scanf_s instead. To disable deprecation, use _CRT_SECURE_NO_WARNINGS. See online help for details.
C:\Users\jjjjj\source\repos\dz2.1\dz2.1\dz2.1.cpp(230,13): warning C4996: 'scanf': This function or variable may be unsafe. Consider using scanf_s instead. To disable deprecation, use _CRT_SECURE_NO_WARNINGS. See online help for details.
C:\Users\jjjjj\source\repos\dz2.1\dz2.1\dz2.1.cpp(231,17): warning C4996: 'fopen': This function or variable may be unsafe. Consider using fopen_s instead. To disable deprecation, use _CRT_SECURE_NO_WARNINGS. See online help for details.
C:\Users\jjjjj\source\repos\dz2.1\dz2.1\dz2.1.cpp(253,17): warning C4996: 'fopen': This function or variable may be unsafe. Consider using fopen_s instead. To disable deprecation, use _CRT_SECURE_NO_WARNINGS. See online help for details.
C:\Users\jjjjj\source\repos\dz2.1\dz2.1\dz2.1.cpp(262,13): warning C4996: 'strcpy': This function or variable may be unsafe. Consider using strcpy_s instead. To disable deprecation, use _CRT_SECURE_NO_WARNINGS. See online help for details.
C:\Users\jjjjj\source\repos\dz2.1\dz2.1\dz2.1.cpp(264,57): warning C4996: 'strcpy': This function or variable may be unsafe. Consider using strcpy_s instead. To disable deprecation, use _CRT_SECURE_NO_WARNINGS. See online help for details.
C:\Users\jjjjj\source\repos\dz2.1\dz2.1\dz2.1.cpp(265,55): warning C4996: 'strcpy': This function or variable may be unsafe. Consider using strcpy_s instead. To disable deprecation, use _CRT_SECURE_NO_WARNINGS. See online help for details.
C:\Users\jjjjj\source\repos\dz2.1\dz2.1\dz2.1.cpp(269,17): warning C4996: 'fopen': This function or variable may be unsafe. Consider using fopen_s instead. To disable deprecation, use _CRT_SECURE_NO_WARNINGS. See online help for details.
C:\Users\jjjjj\source\repos\dz2.1\dz2.1\dz2.1.cpp(293,13): warning C4996: 'scanf': This function or variable may be unsafe. Consider using scanf_s instead. To disable deprecation, use _CRT_SECURE_NO_WARNINGS. See online help for details.
C:\Users\jjjjj\source\repos\dz2.1\dz2.1\dz2.1.cpp(296,17): warning C4996: 'fopen': This function or variable may be unsafe. Consider using fopen_s instead. To disable deprecation, use _CRT_SECURE_NO_WARNINGS. See online help for details.
C:\Users\jjjjj\source\repos\dz2.1\dz2.1\dz2.1.cpp(310,25): warning C4996: 'strcpy': This function or variable may be unsafe. Consider using strcpy_s instead. To disable deprecation, use _CRT_SECURE_NO_WARNINGS. See online help for details.
C:\Users\jjjjj\source\repos\dz2.1\dz2.1\dz2.1.cpp(58,11): warning C4101: buf: неиспользованная локальная переменная
  dz2.1.vcxproj -> C:\Users\jjjjj\source\repos\dz2.1\x64\Debug\dz2.1.exe
